{"name":": Crear cuenta de usuario correctamente","id":"crear-cuenta-de-usuario-en-demoblaze.com;:-crear-cuenta-de-usuario-correctamente","testSteps":[{"number":1,"description":"Example: {username\u003duser001, password\u003dpass001}","duration":15876,"startTime":"2022-01-17T13:16:59.375-05:00[America/Bogota]","exception":{"errorType":"net.thucydides.core.webdriver.exceptions.ElementShouldBeEnabledException","message":"Expected enabled element was not enabled","stackTrace":[{"declaringClass":"tasks.NewUserTask","methodName":"performAs","fileName":"NewUserTask.java","lineNumber":22},{"declaringClass":"stepDefinitions.DemoblazeStepDefinition","methodName":"ingresaALaOpcionDeRegistroDeUsuarioCompletarElFormularioDeRegistroDeManeraCorrecta","fileName":"DemoblazeStepDefinition.java","lineNumber":29},{"declaringClass":"cucumber.runner.Runner","methodName":"runPickle","fileName":"Runner.java","lineNumber":80}],"rootCause":{"errorType":"org.openqa.selenium.TimeoutException","message":"Expected condition failed: waiting for By.xpath: //button[contains(text(), \u0027Sign up\u0027)]/following-sibling::button[contains(text(), \u0027Close\u0027)] to be enabled (tried for 5 second(s) with 100 milliseconds interval)","stackTrace":[{"declaringClass":"tasks.NewUserTask","methodName":"performAs","fileName":"NewUserTask.java","lineNumber":22},{"declaringClass":"stepDefinitions.DemoblazeStepDefinition","methodName":"ingresaALaOpcionDeRegistroDeUsuarioCompletarElFormularioDeRegistroDeManeraCorrecta","fileName":"DemoblazeStepDefinition.java","lineNumber":29},{"declaringClass":"cucumber.runner.Runner","methodName":"runPickle","fileName":"Runner.java","lineNumber":80}],"rootCause":{"errorType":"org.openqa.selenium.NoSuchElementException","message":"Cannot locate an element using xpath\u003d//button[contains(text(), \u0027Sign up\u0027)]/following-sibling::button[contains(text(), \u0027Close\u0027)]\nFor documentation on this error, please visit: https://www.seleniumhq.org/exceptions/no_such_element.html\nBuild info: version: \u00273.141.59\u0027, revision: \u0027e82be7d358\u0027, time: \u00272018-11-14T08:17:03\u0027\nSystem info: host: \u0027PETZEGA\u0027, ip: \u0027192.168.0.12\u0027, os.name: \u0027Windows 10\u0027, os.arch: \u0027amd64\u0027, os.version: \u002710.0\u0027, java.version: \u00271.8.0_281\u0027\nDriver info: driver.version: RemoteWebDriver","stackTrace":[{"declaringClass":"tasks.NewUserTask","methodName":"performAs","fileName":"NewUserTask.java","lineNumber":22},{"declaringClass":"stepDefinitions.DemoblazeStepDefinition","methodName":"ingresaALaOpcionDeRegistroDeUsuarioCompletarElFormularioDeRegistroDeManeraCorrecta","fileName":"DemoblazeStepDefinition.java","lineNumber":29},{"declaringClass":"cucumber.runner.Runner","methodName":"runPickle","fileName":"Runner.java","lineNumber":80}]}}},"result":"FAILURE","precondition":false,"level":0,"lineNumber":16,"children":[{"number":2,"description":"Dado Que un cliente no existente accede a la web","duration":6172,"startTime":"2022-01-17T13:16:59.386-05:00[America/Bogota]","screenshots":[{"screenshot":"2ecc4994d11ee41439eccabb3142e0decb399ad9f53b049604f5017c8d53cf70.png","timeStamp":1642443425558}],"result":"SUCCESS","precondition":false,"level":1,"children":[{"number":3,"description":"Client opens the Home page ui","duration":5561,"startTime":"2022-01-17T13:16:59.988-05:00[America/Bogota]","screenshots":[{"screenshot":"2ecc4994d11ee41439eccabb3142e0decb399ad9f53b049604f5017c8d53cf70.png","timeStamp":1642443425548}],"result":"SUCCESS","precondition":false,"level":2}]},{"number":4,"description":"Cuando Ingresa a la opcion de registro de usuario completar el formulario de registro de manera correcta\r\n| user001 | pass001 |","duration":9685,"startTime":"2022-01-17T13:17:05.560-05:00[America/Bogota]","screenshots":[{"screenshot":"2ecc4994d11ee41439eccabb3142e0decb399ad9f53b049604f5017c8d53cf70.png","timeStamp":1642443425561}],"exception":{"errorType":"net.thucydides.core.webdriver.exceptions.ElementShouldBeEnabledException","message":"Expected enabled element was not enabled","stackTrace":[{"declaringClass":"tasks.NewUserTask","methodName":"performAs","fileName":"NewUserTask.java","lineNumber":22},{"declaringClass":"stepDefinitions.DemoblazeStepDefinition","methodName":"ingresaALaOpcionDeRegistroDeUsuarioCompletarElFormularioDeRegistroDeManeraCorrecta","fileName":"DemoblazeStepDefinition.java","lineNumber":29},{"declaringClass":"cucumber.runner.Runner","methodName":"runPickle","fileName":"Runner.java","lineNumber":80}],"rootCause":{"errorType":"org.openqa.selenium.TimeoutException","message":"Expected condition failed: waiting for By.xpath: //button[contains(text(), \u0027Sign up\u0027)]/following-sibling::button[contains(text(), \u0027Close\u0027)] to be enabled (tried for 5 second(s) with 100 milliseconds interval)","stackTrace":[{"declaringClass":"tasks.NewUserTask","methodName":"performAs","fileName":"NewUserTask.java","lineNumber":22},{"declaringClass":"stepDefinitions.DemoblazeStepDefinition","methodName":"ingresaALaOpcionDeRegistroDeUsuarioCompletarElFormularioDeRegistroDeManeraCorrecta","fileName":"DemoblazeStepDefinition.java","lineNumber":29},{"declaringClass":"cucumber.runner.Runner","methodName":"runPickle","fileName":"Runner.java","lineNumber":80}],"rootCause":{"errorType":"org.openqa.selenium.NoSuchElementException","message":"Cannot locate an element using xpath\u003d//button[contains(text(), \u0027Sign up\u0027)]/following-sibling::button[contains(text(), \u0027Close\u0027)]\nFor documentation on this error, please visit: https://www.seleniumhq.org/exceptions/no_such_element.html\nBuild info: version: \u00273.141.59\u0027, revision: \u0027e82be7d358\u0027, time: \u00272018-11-14T08:17:03\u0027\nSystem info: host: \u0027PETZEGA\u0027, ip: \u0027192.168.0.12\u0027, os.name: \u0027Windows 10\u0027, os.arch: \u0027amd64\u0027, os.version: \u002710.0\u0027, java.version: \u00271.8.0_281\u0027\nDriver info: driver.version: RemoteWebDriver","stackTrace":[{"declaringClass":"tasks.NewUserTask","methodName":"performAs","fileName":"NewUserTask.java","lineNumber":22},{"declaringClass":"stepDefinitions.DemoblazeStepDefinition","methodName":"ingresaALaOpcionDeRegistroDeUsuarioCompletarElFormularioDeRegistroDeManeraCorrecta","fileName":"DemoblazeStepDefinition.java","lineNumber":29},{"declaringClass":"cucumber.runner.Runner","methodName":"runPickle","fileName":"Runner.java","lineNumber":80}]}}},"result":"FAILURE","precondition":false,"level":1,"children":[{"number":5,"description":"Client new user task","duration":9665,"startTime":"2022-01-17T13:17:05.576-05:00[America/Bogota]","screenshots":[{"screenshot":"2ecc4994d11ee41439eccabb3142e0decb399ad9f53b049604f5017c8d53cf70.png","timeStamp":1642443425578}],"exception":{"errorType":"net.thucydides.core.webdriver.exceptions.ElementShouldBeEnabledException","message":"Expected enabled element was not enabled","stackTrace":[{"declaringClass":"tasks.NewUserTask","methodName":"performAs","fileName":"NewUserTask.java","lineNumber":22},{"declaringClass":"stepDefinitions.DemoblazeStepDefinition","methodName":"ingresaALaOpcionDeRegistroDeUsuarioCompletarElFormularioDeRegistroDeManeraCorrecta","fileName":"DemoblazeStepDefinition.java","lineNumber":29},{"declaringClass":"cucumber.runner.Runner","methodName":"runPickle","fileName":"Runner.java","lineNumber":80}],"rootCause":{"errorType":"org.openqa.selenium.TimeoutException","message":"Expected condition failed: waiting for By.xpath: //button[contains(text(), \u0027Sign up\u0027)]/following-sibling::button[contains(text(), \u0027Close\u0027)] to be enabled (tried for 5 second(s) with 100 milliseconds interval)","stackTrace":[{"declaringClass":"tasks.NewUserTask","methodName":"performAs","fileName":"NewUserTask.java","lineNumber":22},{"declaringClass":"stepDefinitions.DemoblazeStepDefinition","methodName":"ingresaALaOpcionDeRegistroDeUsuarioCompletarElFormularioDeRegistroDeManeraCorrecta","fileName":"DemoblazeStepDefinition.java","lineNumber":29},{"declaringClass":"cucumber.runner.Runner","methodName":"runPickle","fileName":"Runner.java","lineNumber":80}],"rootCause":{"errorType":"org.openqa.selenium.NoSuchElementException","message":"Cannot locate an element using xpath\u003d//button[contains(text(), \u0027Sign up\u0027)]/following-sibling::button[contains(text(), \u0027Close\u0027)]\nFor documentation on this error, please visit: https://www.seleniumhq.org/exceptions/no_such_element.html\nBuild info: version: \u00273.141.59\u0027, revision: \u0027e82be7d358\u0027, time: \u00272018-11-14T08:17:03\u0027\nSystem info: host: \u0027PETZEGA\u0027, ip: \u0027192.168.0.12\u0027, os.name: \u0027Windows 10\u0027, os.arch: \u0027amd64\u0027, os.version: \u002710.0\u0027, java.version: \u00271.8.0_281\u0027\nDriver info: driver.version: RemoteWebDriver","stackTrace":[{"declaringClass":"tasks.NewUserTask","methodName":"performAs","fileName":"NewUserTask.java","lineNumber":22},{"declaringClass":"stepDefinitions.DemoblazeStepDefinition","methodName":"ingresaALaOpcionDeRegistroDeUsuarioCompletarElFormularioDeRegistroDeManeraCorrecta","fileName":"DemoblazeStepDefinition.java","lineNumber":29},{"declaringClass":"cucumber.runner.Runner","methodName":"runPickle","fileName":"Runner.java","lineNumber":80}]}}},"result":"FAILURE","precondition":false,"level":2,"children":[{"number":6,"description":"Client clicks on //a[@id\u003d\u0027signin2\u0027]","duration":1155,"startTime":"2022-01-17T13:17:05.614-05:00[America/Bogota]","screenshots":[{"screenshot":"d5709d7695046f193349d506985c968191d1485e62d594b8177b4c2c19dcdb2a.png","timeStamp":1642443426088},{"screenshot":"3d088da059de246332e16b7db9776650e9ab8a830abd712d4379127fd39457a5.png","timeStamp":1642443426769}],"result":"SUCCESS","precondition":false,"level":3},{"number":7,"description":"Client enters \u0027user001\u0027 into //input[@id\u003d\u0027sign-username\u0027]","duration":628,"startTime":"2022-01-17T13:17:06.770-05:00[America/Bogota]","screenshots":[{"screenshot":"3d088da059de246332e16b7db9776650e9ab8a830abd712d4379127fd39457a5.png","timeStamp":1642443426773},{"screenshot":"5091d236930339b99cd68c94225e5259ce01b5417d3dea00d5119fb922eed657.png","timeStamp":1642443427398}],"result":"SUCCESS","precondition":false,"level":3},{"number":8,"description":"Client enters \u0027pass001\u0027 into //input[@id\u003d\u0027sign-password\u0027]","duration":541,"startTime":"2022-01-17T13:17:07.400-05:00[America/Bogota]","screenshots":[{"screenshot":"5091d236930339b99cd68c94225e5259ce01b5417d3dea00d5119fb922eed657.png","timeStamp":1642443427402},{"screenshot":"e6cef712392c9ea096d8283f5e4dd3d477b6f3394b53fa6dd9982544df5b6fa9.png","timeStamp":1642443427941}],"result":"SUCCESS","precondition":false,"level":3},{"number":9,"description":"Client clicks on //button[contains(text(), \u0027Sign up\u0027)]/following-sibling::button[contains(text(), \u0027Close\u0027)]","duration":7295,"startTime":"2022-01-17T13:17:07.942-05:00[America/Bogota]","screenshots":[{"screenshot":"e6cef712392c9ea096d8283f5e4dd3d477b6f3394b53fa6dd9982544df5b6fa9.png","timeStamp":1642443427944}],"exception":{"errorType":"net.thucydides.core.webdriver.exceptions.ElementShouldBeEnabledException","message":"Expected enabled element was not enabled","stackTrace":[{"declaringClass":"tasks.NewUserTask","methodName":"performAs","fileName":"NewUserTask.java","lineNumber":22},{"declaringClass":"stepDefinitions.DemoblazeStepDefinition","methodName":"ingresaALaOpcionDeRegistroDeUsuarioCompletarElFormularioDeRegistroDeManeraCorrecta","fileName":"DemoblazeStepDefinition.java","lineNumber":29},{"declaringClass":"cucumber.runner.Runner","methodName":"runPickle","fileName":"Runner.java","lineNumber":80}],"rootCause":{"errorType":"org.openqa.selenium.TimeoutException","message":"Expected condition failed: waiting for By.xpath: //button[contains(text(), \u0027Sign up\u0027)]/following-sibling::button[contains(text(), \u0027Close\u0027)] to be enabled (tried for 5 second(s) with 100 milliseconds interval)","stackTrace":[{"declaringClass":"tasks.NewUserTask","methodName":"performAs","fileName":"NewUserTask.java","lineNumber":22},{"declaringClass":"stepDefinitions.DemoblazeStepDefinition","methodName":"ingresaALaOpcionDeRegistroDeUsuarioCompletarElFormularioDeRegistroDeManeraCorrecta","fileName":"DemoblazeStepDefinition.java","lineNumber":29},{"declaringClass":"cucumber.runner.Runner","methodName":"runPickle","fileName":"Runner.java","lineNumber":80}],"rootCause":{"errorType":"org.openqa.selenium.NoSuchElementException","message":"Cannot locate an element using xpath\u003d//button[contains(text(), \u0027Sign up\u0027)]/following-sibling::button[contains(text(), \u0027Close\u0027)]\nFor documentation on this error, please visit: https://www.seleniumhq.org/exceptions/no_such_element.html\nBuild info: version: \u00273.141.59\u0027, revision: \u0027e82be7d358\u0027, time: \u00272018-11-14T08:17:03\u0027\nSystem info: host: \u0027PETZEGA\u0027, ip: \u0027192.168.0.12\u0027, os.name: \u0027Windows 10\u0027, os.arch: \u0027amd64\u0027, os.version: \u002710.0\u0027, java.version: \u00271.8.0_281\u0027\nDriver info: driver.version: RemoteWebDriver","stackTrace":[{"declaringClass":"tasks.NewUserTask","methodName":"performAs","fileName":"NewUserTask.java","lineNumber":22},{"declaringClass":"stepDefinitions.DemoblazeStepDefinition","methodName":"ingresaALaOpcionDeRegistroDeUsuarioCompletarElFormularioDeRegistroDeManeraCorrecta","fileName":"DemoblazeStepDefinition.java","lineNumber":29},{"declaringClass":"cucumber.runner.Runner","methodName":"runPickle","fileName":"Runner.java","lineNumber":80}]}}},"result":"FAILURE","precondition":false,"level":3}]}]}]},{"number":10,"description":"Entonces Se crea la cuenta correctamente","duration":6,"startTime":"2022-01-17T13:17:15.261-05:00[America/Bogota]","result":"SKIPPED","precondition":false,"level":0}],"userStory":{"id":"crear-cuenta-de-usuario-en-demoblaze.com","storyName":"Crear cuenta de usuario en demoblaze.com","path":"src/test/resources/features/Demoblaze.feature","narrative":"    Como nuevo cliente\n    Quiero ingresar a la pagina demoblaze.com\n    Para crear una nueva cuenta de usuario","type":"feature"},"featureTag":{"name":"Features/Crear cuenta de usuario en demoblaze.com","type":"feature","displayName":"Features/Crear cuenta de usuario en demoblaze.com"},"title":": Crear cuenta de usuario correctamente","tags":[{"name":"Crear cuenta de usuario en demoblaze.com","type":"feature","displayName":"Crear cuenta de usuario en demoblaze.com"},{"name":"Test01","type":"tag","displayName":"Test01"}],"startTime":"2022-01-17T13:16:59.272-05:00[America/Bogota]","duration":16842,"testFailureCause":{"errorType":"net.thucydides.core.webdriver.exceptions.ElementShouldBeEnabledException","message":"Expected enabled element was not enabled","stackTrace":[{"declaringClass":"tasks.NewUserTask","methodName":"performAs","fileName":"NewUserTask.java","lineNumber":22},{"declaringClass":"stepDefinitions.DemoblazeStepDefinition","methodName":"ingresaALaOpcionDeRegistroDeUsuarioCompletarElFormularioDeRegistroDeManeraCorrecta","fileName":"DemoblazeStepDefinition.java","lineNumber":29},{"declaringClass":"cucumber.runner.Runner","methodName":"runPickle","fileName":"Runner.java","lineNumber":80}],"rootCause":{"errorType":"org.openqa.selenium.TimeoutException","message":"Expected condition failed: waiting for By.xpath: //button[contains(text(), \u0027Sign up\u0027)]/following-sibling::button[contains(text(), \u0027Close\u0027)] to be enabled (tried for 5 second(s) with 100 milliseconds interval)","stackTrace":[{"declaringClass":"tasks.NewUserTask","methodName":"performAs","fileName":"NewUserTask.java","lineNumber":22},{"declaringClass":"stepDefinitions.DemoblazeStepDefinition","methodName":"ingresaALaOpcionDeRegistroDeUsuarioCompletarElFormularioDeRegistroDeManeraCorrecta","fileName":"DemoblazeStepDefinition.java","lineNumber":29},{"declaringClass":"cucumber.runner.Runner","methodName":"runPickle","fileName":"Runner.java","lineNumber":80}],"rootCause":{"errorType":"org.openqa.selenium.NoSuchElementException","message":"Cannot locate an element using xpath\u003d//button[contains(text(), \u0027Sign up\u0027)]/following-sibling::button[contains(text(), \u0027Close\u0027)]\nFor documentation on this error, please visit: https://www.seleniumhq.org/exceptions/no_such_element.html\nBuild info: version: \u00273.141.59\u0027, revision: \u0027e82be7d358\u0027, time: \u00272018-11-14T08:17:03\u0027\nSystem info: host: \u0027PETZEGA\u0027, ip: \u0027192.168.0.12\u0027, os.name: \u0027Windows 10\u0027, os.arch: \u0027amd64\u0027, os.version: \u002710.0\u0027, java.version: \u00271.8.0_281\u0027\nDriver info: driver.version: RemoteWebDriver","stackTrace":[{"declaringClass":"tasks.NewUserTask","methodName":"performAs","fileName":"NewUserTask.java","lineNumber":22},{"declaringClass":"stepDefinitions.DemoblazeStepDefinition","methodName":"ingresaALaOpcionDeRegistroDeUsuarioCompletarElFormularioDeRegistroDeManeraCorrecta","fileName":"DemoblazeStepDefinition.java","lineNumber":29},{"declaringClass":"cucumber.runner.Runner","methodName":"runPickle","fileName":"Runner.java","lineNumber":80}]}}},"testFailureClassname":"net.thucydides.core.webdriver.exceptions.ElementShouldBeEnabledException","testFailureMessage":"Expected enabled element was not enabled","testFailureSummary":"FAILURE;net.thucydides.core.webdriver.exceptions.ElementShouldBeEnabledException;Expected enabled element was not enabled;NewUserTask.java","projectKey":"","annotatedResult":"FAILURE","driver":"chrome","isManualTestingUpToDate":false,"dataTable":{"headers":["username","password"],"rows":[{"values":["user001","pass001"],"lineNumber":16,"result":"FAILURE"}],"predefinedRows":true,"scenarioOutline":"Dado Que un cliente no existente accede a la web\n\rCuando Ingresa a la opcion de registro de usuario completar el formulario de registro de manera correcta\n\rEntonces Se crea la cuenta correctamente\n\r","dataSetDescriptors":[{"startRow":0,"rowCount":0,"name":""}]},"manual":false,"testSource":"Cucumber","actors":[{"name":"Client","can":["browse the web"]}],"result":"FAILURE","scenarioOutline":"Dado Que un cliente no existente accede a la web\r\nCuando Ingresa a la opcion de registro de usuario completar el formulario de registro de manera correcta\r\n|\u003cusername\u003e | \u003cpassword\u003e|\r\nEntonces Se crea la cuenta correctamente"}